[35m[Appium][39m Welcome to Appium v1.8.1
[35m[Appium][39m Non-default server args:
[35m[Appium][39m   port: 57302
[35m[Appium][39m   loglevel: info
[35m[Appium][39m   chromeDriverPort: 57303
[35m[Appium][39m   tmpDir: C:\Users\SAIRAH~1\AppData\Local\Temp\\Katalon\Appium\Temp1533819360085
[35m[Appium][39m Appium REST http interface listener started on 0.0.0.0:57302
[35m[HTTP][39m [37m-->[39m [37mGET[39m [37m/wd/hub/status[39m
[35m[HTTP][39m [90m{}[39m
[35m[HTTP][39m [37m<-- GET /wd/hub/status [39m[32m200[39m [90m18 ms - 83[39m
[35m[HTTP][39m [90m[39m
[35m[HTTP][39m [37m-->[39m [37mGET[39m [37m/wd/hub/status[39m
[35m[HTTP][39m [90m{}[39m
[35m[HTTP][39m [37m<-- GET /wd/hub/status [39m[32m200[39m [90m6 ms - 83[39m
[35m[HTTP][39m [90m[39m
[35m[HTTP][39m [37m-->[39m [37mPOST[39m [37m/wd/hub/session[39m
[35m[HTTP][39m [90m{"desiredCapabilities":{"app":"C:\\Users\\Sai Rahul\\Downloads\\Luvder_27042018.apk","autoGrantPermissions":true,"automationName":"uiautomator2","deviceName":"vivo vivo 1713 (Android 7.0)","fullReset":false,"newCommandTimeout":1800,"noReset":true,"platform":"ANDROID","platformName":"Android","udid":"U8VSC6NBWKMFGISS"},"capabilities":{"desiredCapabilities":{"app":"C:\\Users\\Sai Rahul\\Downloads\\Luvder_27042018.apk","autoGrantPermissions":true,"automationName":"uiautomator2","deviceName":"vivo vivo 1713 (Android 7.0)","fullReset":false,"newCommandTimeout":1800,"noReset":true,"platform":"ANDROID","platformName":"Android","udid":"U8VSC6NBWKMFGISS"},"firstMatch":[{"platformName":"android"}]}}[39m
[35m[Appium][39m Could not parse W3C capabilities: 'deviceName' can't be blank. Falling back to JSONWP protocol.
[35m[Appium][39m The following capabilities were provided in the JSONWP desired capabilities that are missing in W3C capabilities: ["app","autoGrantPermissions","automationName","deviceName","fullReset","newCommandTimeout","noReset","platform","platformName","udid"]. Falling back to JSONWP protocol.
[35m[Appium][39m Creating new AndroidUiautomator2Driver (v1.12.0) session
[35m[Appium][39m Capabilities:
[35m[Appium][39m   app: C:\Users\Sai Rahul\Downloads\Luvder_27042018.apk
[35m[Appium][39m   autoGrantPermissions: true
[35m[Appium][39m   automationName: uiautomator2
[35m[Appium][39m   deviceName: vivo vivo 1713 (Android 7.0)
[35m[Appium][39m   fullReset: false
[35m[Appium][39m   newCommandTimeout: 1800
[35m[Appium][39m   noReset: true
[35m[Appium][39m   platform: ANDROID
[35m[Appium][39m   platformName: Android
[35m[Appium][39m   udid: U8VSC6NBWKMFGISS
[35m[BaseDriver][39m The following capabilities were provided, but are not recognized by appium: platform.
[35m[BaseDriver][39m Session created with session id: c2c619f6-2dc6-4901-b673-2f3e53f3f354
[35m[BaseDriver][39m Using local app 'C:\Users\Sai Rahul\Downloads\Luvder_27042018.apk'
[35m[AndroidDriver][39m Java version is: 1.8.0_102
[35m[ADB][39m Checking whether adb is present
[35m[ADB][39m Found 1 'build-tools' folders under 'C:\Users\Sai Rahul\.katalon\tools\android_sdk' (newest first):
[35m[ADB][39m     C:/Users/Sai Rahul/.katalon/tools/android_sdk/build-tools/28.0.1
[35m[ADB][39m Using adb.exe from C:\Users\Sai Rahul\.katalon\tools\android_sdk\platform-tools\adb.exe
[35m[AndroidDriver][39m Retrieving device list
[35m[AndroidDriver][39m Using device: U8VSC6NBWKMFGISS
[35m[ADB][39m Using the alternative activity name detection method because of: Could not find apkanalyzer.bat in C:\Users\Sai Rahul\.katalon\tools\android_sdk\platform-tools\apkanalyzer.bat,C:\Users\Sai Rahul\.katalon\tools\android_sdk\emulator\apkanalyzer.bat,C:\Users\Sai Rahul\.katalon\tools\android_sdk\tools\apkanalyzer.bat,C:\Users\Sai Rahul\.katalon\tools\android_sdk\tools\bin\apkanalyzer.bat,C:\Users\Sai Rahul\.katalon\tools\android_sdk\build-tools\28.0.1\apkanalyzer.bat. Do you have the Android SDK installed at 'C:\Users\Sai Rahul\.katalon\tools\android_sdk'?
[35m[ADB][39m Checking whether aapt is present
[35m[ADB][39m Using aapt.exe from C:\Users\Sai Rahul\.katalon\tools\android_sdk\build-tools\28.0.1\aapt.exe
[35m[ADB][39m Extracting package and launch activity from manifest
[35m[ADB][39m Package name: 'fsit.luvder'
[35m[ADB][39m Main activity name: 'fsit.luvder.Splash'
[35m[ADB][39m Getting device platform version
[35m[ADB][39m Using apksigner.bat from C:\Users\Sai Rahul\.katalon\tools\android_sdk\build-tools\28.0.1\apksigner.bat
[35m[ADB][39m Checking whether zipalign is present
[35m[ADB][39m Using zipalign.exe from C:\Users\Sai Rahul\.katalon\tools\android_sdk\build-tools\28.0.1\zipalign.exe
[35m[ADB][39m Cannot use apksigner tool for signing. Defaulting to sign.jar. Original error: Command ''C:\\Users\\Sai Rahul\\.katalon\\tools\\android_sdk\\build-tools\\28.0.1\\apksigner.bat' sign --key 'C:\\Users\\Sai Rahul\\AppData\\Roaming\\npm\\node_modules\\appium\\node_modules\\appium-adb\\keys\\testkey.pk8' --cert 'C:\\Users\\Sai Rahul\\AppData\\Roaming\\npm\\node_modules\\appium\\node_modules\\appium-adb\\keys\\testkey.x509.pem' 'C:\\Users\\Sai Rahul\\AppData\\Roaming\\npm\\node_modules\\appium\\node_modules\\appium-uiautomator2-server\\apks\\appium-uiautomator2-server-v1.12.0.apk'' exited with code 1; StdErr: 'C:\Users\Sai' is not recognized as an internal or external command,
[35m[ADB][39m operable program or batch file.
[35m[ADB][39m 
[35m[ADB][39m Cannot use apksigner tool for signing. Defaulting to sign.jar. Original error: Command ''C:\\Users\\Sai Rahul\\.katalon\\tools\\android_sdk\\build-tools\\28.0.1\\apksigner.bat' sign --key 'C:\\Users\\Sai Rahul\\AppData\\Roaming\\npm\\node_modules\\appium\\node_modules\\appium-adb\\keys\\testkey.pk8' --cert 'C:\\Users\\Sai Rahul\\AppData\\Roaming\\npm\\node_modules\\appium\\node_modules\\appium-adb\\keys\\testkey.x509.pem' 'C:\\Users\\Sai Rahul\\AppData\\Roaming\\npm\\node_modules\\appium\\node_modules\\appium-uiautomator2-server\\apks\\appium-uiautomator2-server-debug-androidTest.apk'' exited with code 1; StdErr: 'C:\Users\Sai' is not recognized as an internal or external command,
[35m[ADB][39m operable program or batch file.
[35m[ADB][39m 
[35m[ADB][39m io.appium.uiautomator2.server was successfully uninstalled
[35m[ADB][39m io.appium.uiautomator2.server.test was successfully uninstalled
[35m[AndroidDriver][39m setDeviceLanguageCountry requires language or country.
[35m[AndroidDriver][39m Got language: 'null' and country: 'null'
[35m[ADB][39m Successfully extracted 287 strings from 'C:\Users\Sai Rahul\Downloads\Luvder_27042018.apk' resources for '(default)' configuration
[35m[ADB][39m Cannot use apksigner tool for signing. Defaulting to sign.jar. Original error: Command ''C:\\Users\\Sai Rahul\\.katalon\\tools\\android_sdk\\build-tools\\28.0.1\\apksigner.bat' sign --key 'C:\\Users\\Sai Rahul\\AppData\\Roaming\\npm\\node_modules\\appium\\node_modules\\appium-adb\\keys\\testkey.pk8' --cert 'C:\\Users\\Sai Rahul\\AppData\\Roaming\\npm\\node_modules\\appium\\node_modules\\appium-adb\\keys\\testkey.x509.pem' 'C:\\Users\\Sai Rahul\\Downloads\\Luvder_27042018.apk'' exited with code 1; StdErr: 'C:\Users\Sai' is not recognized as an internal or external command,
[35m[ADB][39m operable program or batch file.
[35m[ADB][39m 
[35m[UiAutomator2][39m Starting uiautomator2 server 1.12.0
[35m[UiAutomator2][39m Using UIAutomator2 server from 'C:\Users\Sai Rahul\AppData\Roaming\npm\node_modules\appium\node_modules\appium-uiautomator2-server\apks\appium-uiautomator2-server-v1.12.0.apk' and test from 'C:\Users\Sai Rahul\AppData\Roaming\npm\node_modules\appium\node_modules\appium-uiautomator2-server\apks\appium-uiautomator2-server-debug-androidTest.apk'
[35m[UiAutomator2][39m Running command: 'adb -s U8VSC6NBWKMFGISS shell am instrument -w io.appium.uiautomator2.server.test/android.support.test.runner.AndroidJUnitRunner'
[35m[UiAutomator2][39m Waiting up to 20000ms for UiAutomator2 to be online...
[35m[AndroidDriver][39m Screen already unlocked, doing nothing
[35m[UiAutomator2][39m UiAutomator2 did not start the activity we were waiting for, 'fsit.luvder/fsit.luvder.Splash'. Starting it ourselves
[35m[Appium][39m New AndroidUiautomator2Driver session created successfully, session c2c619f6-2dc6-4901-b673-2f3e53f3f354 added to master session list
[35m[HTTP][39m [37m<-- POST /wd/hub/session [39m[32m200[39m [90m46087 ms - 1146[39m
[35m[HTTP][39m [90m[39m
[35m[HTTP][39m [37m-->[39m [37mGET[39m [37m/wd/hub/status[39m
[35m[HTTP][39m [90m{}[39m
[35m[HTTP][39m [37m<-- GET /wd/hub/status [39m[32m200[39m [90m6 ms - 55[39m
[35m[HTTP][39m [90m[39m
[35m[HTTP][39m [37m-->[39m [37mPOST[39m [37m/wd/hub/session/c2c619f6-2dc6-4901-b673-2f3e53f3f354/timeouts[39m
[35m[HTTP][39m [90m{"type":"implicit","ms":60000}[39m
[35m[HTTP][39m [37m<-- POST /wd/hub/session/c2c619f6-2dc6-4901-b673-2f3e53f3f354/timeouts [39m[33m400[39m [90m16 ms - 5436[39m
[35m[HTTP][39m [90m[39m
[35m[HTTP][39m [37m-->[39m [37mGET[39m [37m/wd/hub/session/c2c619f6-2dc6-4901-b673-2f3e53f3f354/source[39m
[35m[HTTP][39m [90m{}[39m
[35m[W3C][39m Driver proxy active, passing request on via HTTP proxy
[35m[JSONWP Proxy][39m Replacing sessionId 7d8e2e46-99f8-43e4-af0d-888d446fda1e with c2c619f6-2dc6-4901-b673-2f3e53f3f354
[35m[HTTP][39m [37m<-- GET /wd/hub/session/c2c619f6-2dc6-4901-b673-2f3e53f3f354/source [39m[32m200[39m [90m10355 ms - 12035[39m
[35m[HTTP][39m [90m[39m
[35m[HTTP][39m [37m-->[39m [37mGET[39m [37m/wd/hub/session/c2c619f6-2dc6-4901-b673-2f3e53f3f354/screenshot[39m
[35m[HTTP][39m [90m{}[39m
[35m[HTTP][39m [37m<-- GET /wd/hub/session/c2c619f6-2dc6-4901-b673-2f3e53f3f354/screenshot [39m[32m200[39m [90m1605 ms - 1031152[39m
[35m[HTTP][39m [90m[39m
[35m[HTTP][39m [37m-->[39m [37mGET[39m [37m/wd/hub/session/c2c619f6-2dc6-4901-b673-2f3e53f3f354/source[39m
[35m[HTTP][39m [90m{}[39m
[35m[W3C][39m Driver proxy active, passing request on via HTTP proxy
[35m[JSONWP Proxy][39m Replacing sessionId 7d8e2e46-99f8-43e4-af0d-888d446fda1e with c2c619f6-2dc6-4901-b673-2f3e53f3f354
[35m[HTTP][39m [37m<-- GET /wd/hub/session/c2c619f6-2dc6-4901-b673-2f3e53f3f354/source [39m[32m200[39m [90m244 ms - 22342[39m
[35m[HTTP][39m [90m[39m
[35m[HTTP][39m [37m-->[39m [37mGET[39m [37m/wd/hub/session/c2c619f6-2dc6-4901-b673-2f3e53f3f354/screenshot[39m
[35m[HTTP][39m [90m{}[39m
[35m[HTTP][39m [37m<-- GET /wd/hub/session/c2c619f6-2dc6-4901-b673-2f3e53f3f354/screenshot [39m[32m200[39m [90m1168 ms - 625528[39m
[35m[HTTP][39m [90m[39m
[35m[BaseDriver][39m Shutting down because we waited 1800 seconds for a command
[35m[Appium][39m Closing session, cause was 'New Command Timeout of 1800 seconds expired. Try customizing the timeout using the 'newCommandTimeout' desired capability'
[35m[Appium][39m Removing session c2c619f6-2dc6-4901-b673-2f3e53f3f354 from our master session list
[35m[UiAutomator2][39m Did not get confirmation UiAutomator2 deleteSession worked; Error was: ProxyRequestError: Could not proxy command to remote server. Original error: Error: connect ECONNREFUSED 127.0.0.1:8200
[35m[UiAutomator2][39m Unable to remove port forward 'Error executing adbExec. Original error: 'Command ''C:\\Users\\Sai Rahul\\.katalon\\tools\\android_sdk\\platform-tools\\adb.exe' -P 5037 -s U8VSC6NBWKMFGISS forward --remove tcp\:8200' exited with code 1'; Stderr: 'error: listener 'tcp:8200' not found'; Code: '1''
